<?xml version="1.0" encoding="UTF-8"?>
<!-- Generated by org.testng.reporters.JUnitReportReporter -->
<testsuite hostname="DESKTOP-Q6BT040" failures="0" tests="5" name="day25.CountExample$Countsexample" time="0.010" errors="0" timestamp="2024-10-04T15:28:33 IST" skipped="0">
  <testcase classname="day25.CountExample$Countsexample" name="newone" time="0.001"/>
  <testcase classname="day25.CountExample$Countsexample" name="newone" time="0.000"/>
  <testcase classname="day25.CountExample$Countsexample" name="newone" time="0.001"/>
  <testcase classname="day25.CountExample$Countsexample" name="newone" time="0.007"/>
  <testcase classname="day25.CountExample$Countsexample" name="newone" time="0.001"/>
</testsuite> <!-- day25.CountExample$Countsexample -->
