<?xml version="1.0" encoding="UTF-8"?>
<!-- Generated by org.testng.reporters.JUnitReportReporter -->
<testsuite hostname="DESKTOP-Q6BT040" failures="0" tests="3" name="day24.GroupingCase" time="0.011" errors="0" timestamp="2024-10-04T13:09:13 IST" skipped="0">
  <testcase classname="day24.GroupingCase" name="test1" time="0.009"/>
  <testcase classname="day24.GroupingCase" name="test3" time="0.001"/>
  <testcase classname="day24.GroupingCase" name="test4" time="0.001"/>
</testsuite> <!-- day24.GroupingCase -->
