<?xml version="1.0" encoding="UTF-8"?>
<!-- Generated by org.testng.reporters.JUnitReportReporter -->
<testsuite hostname="DESKTOP-Q6BT040" failures="0" tests="2" name="Day23.SampleprTestNg" time="15.400" errors="0" timestamp="2024-10-04T12:46:35 IST" skipped="0">
  <testcase classname="Day23.SampleprTestNg" name="Clicklogin" time="10.778"/>
  <testcase classname="Day23.SampleprTestNg" name="login" time="4.622"/>
</testsuite> <!-- Day23.SampleprTestNg -->
